<?xml version="1.0" encoding="UTF-8"?>
<!-- Generated by org.testng.reporters.JUnitReportReporter -->
<testsuite hostname="DESKTOP-HGF497U" failures="0" tests="1" name="myfirstcase.Delete_Custemer" time="23.621" errors="0" timestamp="2022-01-24T14:16:55 IST" skipped="0">
  <testcase classname="myfirstcase.Delete_Custemer" name="login" time="23.621"/>
  <system-out/>
</testsuite> <!-- myfirstcase.Delete_Custemer -->
