<?xml version="1.0" encoding="UTF-8"?>
<!-- Generated by org.testng.reporters.JUnitReportReporter -->
<testsuite hostname="DESKTOP-HGF497U" failures="0" tests="1" name="SELENIUM.sa1" time="22.150" errors="0" timestamp="2022-01-09T17:51:59 IST" skipped="0">
  <testcase classname="SELENIUM.sa1" name="TC_1_Verify_AdminUser_Can_Login_With_Valid_UserCrendentials" time="22.150"/>
  <system-out/>
</testsuite> <!-- SELENIUM.sa1 -->
