<?xml version="1.0" encoding="UTF-8"?>
<!-- Generated by org.testng.reporters.JUnitReportReporter -->
<testsuite hostname="DESKTOP-HGF497U" failures="0" tests="2" name="selenium_task.TestNGdemo" time="0.019" errors="0" timestamp="2022-01-23T12:51:07 IST" skipped="0">
  <testcase classname="selenium_task.TestNGdemo" name="testcase2" time="0.003"/>
  <system-out/>
  <testcase classname="selenium_task.TestNGdemo" name="testcase1" time="0.016"/>
  <system-out/>
</testsuite> <!-- selenium_task.TestNGdemo -->
