<?xml version="1.0" encoding="UTF-8"?>
<!-- Generated by org.testng.reporters.JUnitReportReporter -->
<testsuite hostname="DESKTOP-HGF497U" failures="0" tests="1" name="myfirstcase.Supp1" time="17.916" errors="0" timestamp="2022-01-10T18:57:47 IST" skipped="0">
  <testcase classname="myfirstcase.Supp1" name="Login" time="17.916"/>
  <system-out/>
</testsuite> <!-- myfirstcase.Supp1 -->
