<?xml version="1.0" encoding="UTF-8"?>
<!-- Generated by org.testng.reporters.JUnitReportReporter -->
<testsuite hostname="DESKTOP-HGF497U" failures="0" tests="1" name="BlueStone_Project.Selenium1.Add_Item" time="33.274" errors="0" timestamp="2022-01-21T01:38:22 IST" skipped="0">
  <testcase classname="BlueStone_Project.Selenium1.Add_Item" name="AddStockItem" time="33.274"/>
  <system-out/>
</testsuite> <!-- BlueStone_Project.Selenium1.Add_Item -->
