<?xml version="1.0" encoding="UTF-8"?>
<!-- Generated by org.testng.reporters.JUnitReportReporter -->
<testsuite hostname="DESKTOP-HGF497U" failures="0" tests="1" name="selenium_task.Click1" time="30.656" errors="0" timestamp="2022-01-22T12:47:06 IST" skipped="0">
  <testcase classname="selenium_task.Click1" name="AddStockItems" time="30.656"/>
  <system-out/>
</testsuite> <!-- selenium_task.Click1 -->
