<?xml version="1.0" encoding="UTF-8"?>
<!-- Generated by org.testng.reporters.JUnitReportReporter -->
<testsuite hostname="DESKTOP-HGF497U" failures="0" tests="1" name="SELENIUM.Assertion_TestNG" time="7.248" errors="0" timestamp="2021-10-28T12:47:41 IST" skipped="0">
  <testcase classname="SELENIUM.Assertion_TestNG" name="testcase" time="7.248"/>
  <system-out/>
</testsuite> <!-- SELENIUM.Assertion_TestNG -->
