<?xml version="1.0" encoding="UTF-8"?>
<!-- Generated by org.testng.reporters.JUnitReportReporter -->
<testsuite hostname="DESKTOP-HGF497U" failures="0" tests="1" name="BlueStone_Project.Selenium1.UnitofMeasure" time="24.794" errors="0" timestamp="2022-01-23T12:20:27 IST" skipped="0">
  <testcase classname="BlueStone_Project.Selenium1.UnitofMeasure" name="loginerp" time="24.794"/>
  <system-out/>
</testsuite> <!-- BlueStone_Project.Selenium1.UnitofMeasure -->
