<?xml version="1.0" encoding="UTF-8"?>
<!-- Generated by org.testng.reporters.JUnitReportReporter -->
<testsuite hostname="DESKTOP-HGF497U" failures="0" tests="1" name="selenium_task.Act" time="29.539" errors="0" timestamp="2022-01-22T00:42:40 IST" skipped="0">
  <testcase classname="selenium_task.Act" name="loginerp" time="29.539"/>
  <system-out/>
</testsuite> <!-- selenium_task.Act -->
