<?xml version="1.0" encoding="UTF-8"?>
<!-- Generated by org.testng.reporters.JUnitReportReporter -->
<testsuite hostname="DESKTOP-HGF497U" failures="0" tests="1" name="myfirstcase.AddStockItems" time="33.488" errors="0" timestamp="2022-01-22T11:59:12 IST" skipped="0">
  <testcase classname="myfirstcase.AddStockItems" name="Adminuserlogin" time="33.488"/>
  <system-out/>
</testsuite> <!-- myfirstcase.AddStockItems -->
