<?xml version="1.0" encoding="UTF-8"?>
<!-- Generated by org.testng.reporters.JUnitReportReporter -->
<testsuite hostname="DESKTOP-HGF497U" failures="0" tests="1" name="myfirstcase.AddUnitofMesurement" time="22.656" errors="0" timestamp="2022-01-24T00:14:45 IST" skipped="0">
  <testcase classname="myfirstcase.AddUnitofMesurement" name="UnitofM" time="22.656"/>
  <system-out/>
</testsuite> <!-- myfirstcase.AddUnitofMesurement -->
