<?xml version="1.0" encoding="UTF-8"?>
<!-- Generated by org.testng.reporters.JUnitReportReporter -->
<testsuite hostname="DESKTOP-HGF497U" failures="0" tests="1" name="BlueStone_Project.Selenium1.Add_item2" time="26.964" errors="0" timestamp="2022-01-21T10:43:56 IST" skipped="0">
  <testcase classname="BlueStone_Project.Selenium1.Add_item2" name="loginerp" time="26.964"/>
  <system-out/>
</testsuite> <!-- BlueStone_Project.Selenium1.Add_item2 -->
