<?xml version="1.0" encoding="UTF-8"?>
<!-- Generated by org.testng.reporters.JUnitReportReporter -->
<testsuite hostname="DESKTOP-HGF497U" failures="0" tests="1" name="selenium_task.Uom" time="40.977" errors="0" timestamp="2022-01-23T19:23:32 IST" skipped="0">
  <testcase classname="selenium_task.Uom" name="able_to_uom" time="40.977"/>
  <system-out/>
</testsuite> <!-- selenium_task.Uom -->
