<?xml version="1.0" encoding="UTF-8"?>
<!-- Generated by org.testng.reporters.JUnitReportReporter -->
<testsuite hostname="DESKTOP-HGF497U" failures="0" tests="1" name="BlueStone_Project.Selenium1.SearchStockitem" time="27.867" errors="0" timestamp="2022-01-20T13:03:40 IST" skipped="0">
  <testcase classname="BlueStone_Project.Selenium1.SearchStockitem" name="loginErp" time="27.867"/>
  <system-out/>
</testsuite> <!-- BlueStone_Project.Selenium1.SearchStockitem -->
